[27-Nov-2018 01:15:56] NOTICE: fpm is running, pid 16
[27-Nov-2018 01:15:56] NOTICE: ready to handle connections
[28-Nov-2018 20:01:19] NOTICE: fpm is running, pid 64
[28-Nov-2018 20:01:19] NOTICE: ready to handle connections
[28-Nov-2018 20:01:43] WARNING: [pool www] server reached pm.max_children setting (5), consider raising it
[28-Nov-2018 22:27:37] NOTICE: Terminating ...
[28-Nov-2018 22:27:37] NOTICE: exiting, bye-bye!
[29-Nov-2018 19:52:46] NOTICE: fpm is running, pid 70
[29-Nov-2018 19:52:46] NOTICE: ready to handle connections
[30-Nov-2018 00:52:34] NOTICE: Terminating ...
[30-Nov-2018 00:52:34] NOTICE: exiting, bye-bye!
[04-Dec-2018 21:50:25] NOTICE: fpm is running, pid 68
[04-Dec-2018 21:50:25] NOTICE: ready to handle connections
[04-Dec-2018 21:59:16] NOTICE: Terminating ...
[04-Dec-2018 21:59:16] NOTICE: exiting, bye-bye!
[05-Dec-2018 00:56:34] NOTICE: fpm is running, pid 56
[05-Dec-2018 00:56:34] NOTICE: ready to handle connections
[05-Dec-2018 01:14:42] NOTICE: Terminating ...
[05-Dec-2018 01:14:42] NOTICE: exiting, bye-bye!
[06-Dec-2018 02:08:30] NOTICE: fpm is running, pid 70
[06-Dec-2018 02:08:30] NOTICE: ready to handle connections
[06-Dec-2018 16:30:08] NOTICE: Terminating ...
[06-Dec-2018 16:30:08] NOTICE: exiting, bye-bye!
[01-Mar-2019 18:35:46] NOTICE: fpm is running, pid 64
[01-Mar-2019 18:35:46] NOTICE: ready to handle connections
[01-Mar-2019 20:07:59] NOTICE: Terminating ...
[01-Mar-2019 20:07:59] NOTICE: exiting, bye-bye!
[09-Mar-2019 15:09:00] NOTICE: fpm is running, pid 66
[09-Mar-2019 15:09:00] NOTICE: ready to handle connections
[10-Mar-2019 22:21:06] NOTICE: Terminating ...
[10-Mar-2019 22:21:06] NOTICE: exiting, bye-bye!
